<?xml version="1.0" encoding="UTF-8"?>
<testsuite name="ru.netulogy.rest.postmanETest" tests="1" skipped="0" failures="0" errors="0" timestamp="2023-08-26T15:29:42" hostname="KNOPASUS" time="2.877">
  <properties/>
  <testcase name="shouldPostmanEcho()" classname="ru.netulogy.rest.postmanETest" time="2.877"/>
  <system-out><![CDATA[]]></system-out>
  <system-err><![CDATA[]]></system-err>
</testsuite>
